Arguments: 
  /usr/local/bin/node /usr/local/bin/yarn install

PATH: 
  /usr/local/bin:/usr/bin:/bin:/usr/sbin:/sbin:/Library/Apple/usr/bin

Yarn version: 
  1.22.4

Node version: 
  14.5.0

Platform: 
  darwin x64

Trace: 
  Error: https://registry.yarnpkg.com/typescript/-/typescript-3.8.2.tgz: ESOCKETTIMEDOUT
      at ClientRequest.<anonymous> (/usr/local/lib/node_modules/yarn/lib/cli.js:141375:19)
      at Object.onceWrapper (events.js:420:28)
      at ClientRequest.emit (events.js:314:20)
      at TLSSocket.emitRequestTimeout (_http_client.js:769:9)
      at Object.onceWrapper (events.js:420:28)
      at TLSSocket.emit (events.js:326:22)
      at TLSSocket.Socket._onTimeout (net.js:483:8)
      at listOnTimeout (internal/timers.js:551:17)
      at processTimers (internal/timers.js:494:7)

npm manifest: 
  {
    "name": "TaroUIReduxDemo",
    "version": "1.0.0",
    "private": true,
    "description": "taro.js开发移动端案例",
    "templateInfo": {
      "name": "taro-ui",
      "typescript": false,
      "css": "sass"
    },
    "scripts": {
      "build:weapp": "taro build --type weapp",
      "build:swan": "taro build --type swan",
      "build:alipay": "taro build --type alipay",
      "build:tt": "taro build --type tt",
      "build:h5": "taro build --type h5",
      "build:rn": "taro build --type rn",
      "build:qq": "taro build --type qq",
      "build:jd": "taro build --type jd",
      "build:quickapp": "taro build --type quickapp",
      "dev:weapp": "npm run build:weapp -- --watch",
      "dev:swan": "npm run build:swan -- --watch",
      "dev:alipay": "npm run build:alipay -- --watch",
      "dev:tt": "npm run build:tt -- --watch",
      "dev:h5": "npm run build:h5 -- --watch",
      "dev:rn": "npm run build:rn -- --watch",
      "dev:qq": "npm run build:qq -- --watch",
      "dev:jd": "npm run build:jd -- --watch",
      "dev:quickapp": "npm run build:quickapp -- --watch"
    },
    "browserslist": [
      "last 3 versions",
      "Android >= 4.1",
      "ios >= 8"
    ],
    "author": "",
    "dependencies": {
      "@babel/runtime": "^7.7.7",
      "@tarojs/cli": "3.0.16",
      "@tarojs/components": "3.0.16",
      "@tarojs/runtime": "3.0.16",
      "@tarojs/taro": "3.0.16",
      "lodash": "4.17.15",
      "@tarojs/react": "3.0.16",
      "react": "^16.10.0",
      "react-dom": "^16.10.0",
      "taro-ui": "^3.0.0-alpha.3"
    },
    "devDependencies": {
      "@babel/core": "^7.8.0",
      "@tarojs/mini-runner": "3.0.16",
      "@tarojs/webpack-runner": "3.0.16",
      "@types/webpack-env": "^1.13.6",
      "babel-preset-taro": "3.0.16",
      "eslint": "^6.8.0",
      "eslint-config-taro": "3.0.16",
      "stylelint": "9.3.0",
      "@types/react": "^16.0.0",
      "eslint-plugin-react": "^7.8.2",
      "eslint-plugin-import": "^2.12.0",
      "eslint-plugin-react-hooks": "^1.6.1"
    }
  }

yarn manifest: 
  No manifest

Lockfile: 
  No lockfile
